2018/12/17 15:00:10.868 [C] [asm_amd64.s:509] the request url is  /admin/login
2018/12/17 15:00:10.868 [C] [asm_amd64.s:509] Handler crashed with error can't find templatefile in the path:views/admincontroller/login.tpl
2018/12/17 15:00:10.868 [C] [asm_amd64.s:509] C:/Go/src/runtime/asm_amd64.s:509
2018/12/17 15:00:10.868 [C] [asm_amd64.s:509] C:/Go/src/runtime/panic.go:491
2018/12/17 15:00:10.868 [C] [asm_amd64.s:509] D:/golang/src/github.com/astaxie/beego/template.go:73
2018/12/17 15:00:10.868 [C] [asm_amd64.s:509] D:/golang/src/github.com/astaxie/beego/controller.go:263
2018/12/17 15:00:10.868 [C] [asm_amd64.s:509] D:/golang/src/github.com/astaxie/beego/controller.go:214
2018/12/17 15:00:10.868 [C] [asm_amd64.s:509] D:/golang/src/github.com/astaxie/beego/controller.go:194
2018/12/17 15:00:10.868 [C] [asm_amd64.s:509] D:/golang/src/github.com/astaxie/beego/router.go:859
2018/12/17 15:00:10.868 [C] [asm_amd64.s:509] C:/Go/src/net/http/server.go:2619
2018/12/17 15:00:10.868 [C] [asm_amd64.s:509] C:/Go/src/net/http/server.go:1801
2018/12/17 15:00:10.868 [C] [asm_amd64.s:509] C:/Go/src/runtime/asm_amd64.s:2337
2018/12/17 15:01:27.021 [C] [asm_amd64.s:509] the request url is  /admin/login
2018/12/17 15:01:27.022 [C] [asm_amd64.s:509] Handler crashed with error <Ormer.QueryTable> table name: `fish/models.AdminAccount` not exists
2018/12/17 15:01:27.022 [C] [asm_amd64.s:509] C:/Go/src/runtime/asm_amd64.s:509
2018/12/17 15:01:27.022 [C] [asm_amd64.s:509] C:/Go/src/runtime/panic.go:491
2018/12/17 15:01:27.022 [C] [asm_amd64.s:509] D:/golang/src/github.com/astaxie/beego/orm/orm.go:436
2018/12/17 15:01:27.022 [C] [asm_amd64.s:509] D:/go_project/catchfish/src/fish/managers/admin.go:24
2018/12/17 15:01:27.022 [C] [asm_amd64.s:509] D:/go_project/catchfish/src/fish/controllers/admin.go:48
2018/12/17 15:01:27.022 [C] [asm_amd64.s:509] C:/Go/src/runtime/asm_amd64.s:509
2018/12/17 15:01:27.022 [C] [asm_amd64.s:509] C:/Go/src/reflect/value.go:434
2018/12/17 15:01:27.022 [C] [asm_amd64.s:509] C:/Go/src/reflect/value.go:302
2018/12/17 15:01:27.022 [C] [asm_amd64.s:509] D:/golang/src/github.com/astaxie/beego/router.go:847
2018/12/17 15:01:27.022 [C] [asm_amd64.s:509] C:/Go/src/net/http/server.go:2619
2018/12/17 15:01:27.022 [C] [asm_amd64.s:509] C:/Go/src/net/http/server.go:1801
2018/12/17 15:01:27.022 [C] [asm_amd64.s:509] C:/Go/src/runtime/asm_amd64.s:2337
2018/12/17 15:01:33.220 [C] [asm_amd64.s:509] the request url is  /admin/login
2018/12/17 15:01:33.220 [C] [asm_amd64.s:509] Handler crashed with error <Ormer.QueryTable> table name: `fish/models.AdminAccount` not exists
2018/12/17 15:01:33.220 [C] [asm_amd64.s:509] C:/Go/src/runtime/asm_amd64.s:509
2018/12/17 15:01:33.220 [C] [asm_amd64.s:509] C:/Go/src/runtime/panic.go:491
2018/12/17 15:01:33.220 [C] [asm_amd64.s:509] D:/golang/src/github.com/astaxie/beego/orm/orm.go:436
2018/12/17 15:01:33.220 [C] [asm_amd64.s:509] D:/go_project/catchfish/src/fish/managers/admin.go:24
2018/12/17 15:01:33.220 [C] [asm_amd64.s:509] D:/go_project/catchfish/src/fish/controllers/admin.go:48
2018/12/17 15:01:33.220 [C] [asm_amd64.s:509] C:/Go/src/runtime/asm_amd64.s:509
2018/12/17 15:01:33.220 [C] [asm_amd64.s:509] C:/Go/src/reflect/value.go:434
2018/12/17 15:01:33.220 [C] [asm_amd64.s:509] C:/Go/src/reflect/value.go:302
2018/12/17 15:01:33.220 [C] [asm_amd64.s:509] D:/golang/src/github.com/astaxie/beego/router.go:847
2018/12/17 15:01:33.220 [C] [asm_amd64.s:509] C:/Go/src/net/http/server.go:2619
2018/12/17 15:01:33.220 [C] [asm_amd64.s:509] C:/Go/src/net/http/server.go:1801
2018/12/17 15:01:33.220 [C] [asm_amd64.s:509] C:/Go/src/runtime/asm_amd64.s:2337
2018/12/17 17:04:58.963 [C] [asm_amd64.s:509] the request url is  /admin/player/cash
2018/12/17 17:04:58.963 [C] [asm_amd64.s:509] Handler crashed with error can't find templatefile in the path:views/admincontroller/playercash.tpl
2018/12/17 17:04:58.963 [C] [asm_amd64.s:509] C:/Go/src/runtime/asm_amd64.s:509
2018/12/17 17:04:58.963 [C] [asm_amd64.s:509] C:/Go/src/runtime/panic.go:491
2018/12/17 17:04:58.963 [C] [asm_amd64.s:509] D:/golang/src/github.com/astaxie/beego/template.go:73
2018/12/17 17:04:58.963 [C] [asm_amd64.s:509] D:/golang/src/github.com/astaxie/beego/controller.go:263
2018/12/17 17:04:58.964 [C] [asm_amd64.s:509] D:/golang/src/github.com/astaxie/beego/controller.go:214
2018/12/17 17:04:58.964 [C] [asm_amd64.s:509] D:/golang/src/github.com/astaxie/beego/controller.go:194
2018/12/17 17:04:58.964 [C] [asm_amd64.s:509] D:/golang/src/github.com/astaxie/beego/router.go:859
2018/12/17 17:04:58.964 [C] [asm_amd64.s:509] C:/Go/src/net/http/server.go:2619
2018/12/17 17:04:58.966 [C] [asm_amd64.s:509] C:/Go/src/net/http/server.go:1801
2018/12/17 17:04:58.966 [C] [asm_amd64.s:509] C:/Go/src/runtime/asm_amd64.s:2337
2018/12/17 17:05:14.220 [C] [asm_amd64.s:509] the request url is  /admin/player/cash
2018/12/17 17:05:14.220 [C] [asm_amd64.s:509] Handler crashed with error can't find templatefile in the path:views/admincontroller/playercash.tpl
2018/12/17 17:05:14.221 [C] [asm_amd64.s:509] C:/Go/src/runtime/asm_amd64.s:509
2018/12/17 17:05:14.221 [C] [asm_amd64.s:509] C:/Go/src/runtime/panic.go:491
2018/12/17 17:05:14.221 [C] [asm_amd64.s:509] D:/golang/src/github.com/astaxie/beego/template.go:73
2018/12/17 17:05:14.221 [C] [asm_amd64.s:509] D:/golang/src/github.com/astaxie/beego/controller.go:263
2018/12/17 17:05:14.221 [C] [asm_amd64.s:509] D:/golang/src/github.com/astaxie/beego/controller.go:214
2018/12/17 17:05:14.221 [C] [asm_amd64.s:509] D:/golang/src/github.com/astaxie/beego/controller.go:194
2018/12/17 17:05:14.221 [C] [asm_amd64.s:509] D:/golang/src/github.com/astaxie/beego/router.go:859
2018/12/17 17:05:14.221 [C] [asm_amd64.s:509] C:/Go/src/net/http/server.go:2619
2018/12/17 17:05:14.221 [C] [asm_amd64.s:509] C:/Go/src/net/http/server.go:1801
2018/12/17 17:05:14.221 [C] [asm_amd64.s:509] C:/Go/src/runtime/asm_amd64.s:2337
2018/12/18 14:37:05.998 [C] [asm_amd64.s:509] the request url is  /agent/cash
2018/12/18 14:37:06.195 [C] [asm_amd64.s:509] Handler crashed with error can't find templatefile in the path:views/agentcontroller/cash.tpl
2018/12/18 14:37:06.195 [C] [asm_amd64.s:509] C:/Go/src/runtime/asm_amd64.s:509
2018/12/18 14:37:06.195 [C] [asm_amd64.s:509] C:/Go/src/runtime/panic.go:491
2018/12/18 14:37:06.195 [C] [asm_amd64.s:509] D:/golang/src/github.com/astaxie/beego/template.go:73
2018/12/18 14:37:06.195 [C] [asm_amd64.s:509] D:/golang/src/github.com/astaxie/beego/controller.go:263
2018/12/18 14:37:06.195 [C] [asm_amd64.s:509] D:/golang/src/github.com/astaxie/beego/controller.go:214
2018/12/18 14:37:06.195 [C] [asm_amd64.s:509] D:/golang/src/github.com/astaxie/beego/controller.go:194
2018/12/18 14:37:06.195 [C] [asm_amd64.s:509] D:/golang/src/github.com/astaxie/beego/router.go:859
2018/12/18 14:37:06.195 [C] [asm_amd64.s:509] C:/Go/src/net/http/server.go:2619
2018/12/18 14:37:06.195 [C] [asm_amd64.s:509] C:/Go/src/net/http/server.go:1801
2018/12/18 14:37:06.195 [C] [asm_amd64.s:509] C:/Go/src/runtime/asm_amd64.s:2337
2018/12/18 17:56:00.953 [C] [asm_amd64.s:509] the request url is  /admin/agent/list
2018/12/18 17:56:00.954 [C] [asm_amd64.s:509] Handler crashed with error <Ormer> cannot use non-ptr model struct `fish/models.AgentAccount`
2018/12/18 17:56:00.954 [C] [asm_amd64.s:509] C:/Go/src/runtime/asm_amd64.s:509
2018/12/18 17:56:00.954 [C] [asm_amd64.s:509] C:/Go/src/runtime/panic.go:491
2018/12/18 17:56:00.954 [C] [asm_amd64.s:509] D:/golang/src/github.com/astaxie/beego/orm/orm.go:104
2018/12/18 17:56:00.954 [C] [asm_amd64.s:509] D:/golang/src/github.com/astaxie/beego/orm/orm.go:159
2018/12/18 17:56:00.954 [C] [asm_amd64.s:509] D:/go_project/catchfish/src/fish/managers/agent.go:57
2018/12/18 17:56:00.954 [C] [asm_amd64.s:509] D:/go_project/catchfish/src/fish/controllers/admin.go:138
2018/12/18 17:56:00.954 [C] [asm_amd64.s:509] C:/Go/src/runtime/asm_amd64.s:509
2018/12/18 17:56:00.954 [C] [asm_amd64.s:509] C:/Go/src/reflect/value.go:434
2018/12/18 17:56:00.954 [C] [asm_amd64.s:509] C:/Go/src/reflect/value.go:302
2018/12/18 17:56:00.954 [C] [asm_amd64.s:509] D:/golang/src/github.com/astaxie/beego/router.go:847
2018/12/18 17:56:00.954 [C] [asm_amd64.s:509] C:/Go/src/net/http/server.go:2619
2018/12/18 17:56:00.954 [C] [asm_amd64.s:509] C:/Go/src/net/http/server.go:1801
2018/12/18 17:56:00.955 [C] [asm_amd64.s:509] C:/Go/src/runtime/asm_amd64.s:2337
2018/12/19 13:32:38.124 [C] [asm_amd64.s:509] the request url is  /agent/cash
2018/12/19 13:32:38.125 [C] [asm_amd64.s:509] Handler crashed with error can't find templatefile in the path:views/agentcontroller/cash.tpl
2018/12/19 13:32:38.125 [C] [asm_amd64.s:509] C:/Go/src/runtime/asm_amd64.s:509
2018/12/19 13:32:38.125 [C] [asm_amd64.s:509] C:/Go/src/runtime/panic.go:491
2018/12/19 13:32:38.125 [C] [asm_amd64.s:509] D:/golang/src/github.com/astaxie/beego/template.go:73
2018/12/19 13:32:38.125 [C] [asm_amd64.s:509] D:/golang/src/github.com/astaxie/beego/controller.go:263
2018/12/19 13:32:38.126 [C] [asm_amd64.s:509] D:/golang/src/github.com/astaxie/beego/controller.go:214
2018/12/19 13:32:38.126 [C] [asm_amd64.s:509] D:/golang/src/github.com/astaxie/beego/controller.go:194
2018/12/19 13:32:38.126 [C] [asm_amd64.s:509] D:/golang/src/github.com/astaxie/beego/router.go:859
2018/12/19 13:32:38.126 [C] [asm_amd64.s:509] C:/Go/src/net/http/server.go:2619
2018/12/19 13:32:38.126 [C] [asm_amd64.s:509] C:/Go/src/net/http/server.go:1801
2018/12/19 13:32:38.126 [C] [asm_amd64.s:509] C:/Go/src/runtime/asm_amd64.s:2337
2018/12/19 19:19:05.300 [C] [asm_amd64.s:509] the request url is  /agent/cash
2018/12/19 19:19:05.300 [C] [asm_amd64.s:509] Handler crashed with error can't find templatefile in the path:views/agentcontroller/cash.tpl
2018/12/19 19:19:05.300 [C] [asm_amd64.s:509] C:/Go/src/runtime/asm_amd64.s:509
2018/12/19 19:19:05.300 [C] [asm_amd64.s:509] C:/Go/src/runtime/panic.go:491
2018/12/19 19:19:05.300 [C] [asm_amd64.s:509] D:/golang/src/github.com/astaxie/beego/template.go:73
2018/12/19 19:19:05.300 [C] [asm_amd64.s:509] D:/golang/src/github.com/astaxie/beego/controller.go:263
2018/12/19 19:19:05.300 [C] [asm_amd64.s:509] D:/golang/src/github.com/astaxie/beego/controller.go:214
2018/12/19 19:19:05.300 [C] [asm_amd64.s:509] D:/golang/src/github.com/astaxie/beego/controller.go:194
2018/12/19 19:19:05.300 [C] [asm_amd64.s:509] D:/golang/src/github.com/astaxie/beego/router.go:859
2018/12/19 19:19:05.301 [C] [asm_amd64.s:509] C:/Go/src/net/http/server.go:2619
2018/12/19 19:19:05.301 [C] [asm_amd64.s:509] C:/Go/src/net/http/server.go:1801
2018/12/19 19:19:05.301 [C] [asm_amd64.s:509] C:/Go/src/runtime/asm_amd64.s:2337
2018/12/19 19:19:21.343 [C] [asm_amd64.s:509] the request url is  /agent/cash
2018/12/19 19:19:21.344 [C] [asm_amd64.s:509] Handler crashed with error can't find templatefile in the path:views/agentcontroller/cash.tpl
2018/12/19 19:19:21.344 [C] [asm_amd64.s:509] C:/Go/src/runtime/asm_amd64.s:509
2018/12/19 19:19:21.344 [C] [asm_amd64.s:509] C:/Go/src/runtime/panic.go:491
2018/12/19 19:19:21.344 [C] [asm_amd64.s:509] D:/golang/src/github.com/astaxie/beego/template.go:73
2018/12/19 19:19:21.344 [C] [asm_amd64.s:509] D:/golang/src/github.com/astaxie/beego/controller.go:263
2018/12/19 19:19:21.344 [C] [asm_amd64.s:509] D:/golang/src/github.com/astaxie/beego/controller.go:214
2018/12/19 19:19:21.344 [C] [asm_amd64.s:509] D:/golang/src/github.com/astaxie/beego/controller.go:194
2018/12/19 19:19:21.344 [C] [asm_amd64.s:509] D:/golang/src/github.com/astaxie/beego/router.go:859
2018/12/19 19:19:21.344 [C] [asm_amd64.s:509] C:/Go/src/net/http/server.go:2619
2018/12/19 19:19:21.344 [C] [asm_amd64.s:509] C:/Go/src/net/http/server.go:1801
2018/12/19 19:19:21.344 [C] [asm_amd64.s:509] C:/Go/src/runtime/asm_amd64.s:2337
2018/12/19 21:20:33.971 [C] [asm_amd64.s:509] the request url is  /pay
2018/12/19 21:20:33.971 [C] [asm_amd64.s:509] Handler crashed with error <Ormer> table: `fish/models.RechargeLog` not found, make sure it was registered with `RegisterModel()`
2018/12/19 21:20:33.971 [C] [asm_amd64.s:509] C:/Go/src/runtime/asm_amd64.s:509
2018/12/19 21:20:33.971 [C] [asm_amd64.s:509] C:/Go/src/runtime/panic.go:491
2018/12/19 21:20:33.971 [C] [asm_amd64.s:509] D:/golang/src/github.com/astaxie/beego/orm/orm.go:110
2018/12/19 21:20:33.971 [C] [asm_amd64.s:509] D:/golang/src/github.com/astaxie/beego/orm/orm.go:159
2018/12/19 21:20:33.971 [C] [asm_amd64.s:509] D:/go_project/catchfish/src/fish/managers/system.go:34
2018/12/19 21:20:33.971 [C] [asm_amd64.s:509] D:/go_project/catchfish/src/fish/controllers/default.go:42
2018/12/19 21:20:33.971 [C] [asm_amd64.s:509] C:/Go/src/runtime/asm_amd64.s:509
2018/12/19 21:20:33.971 [C] [asm_amd64.s:509] C:/Go/src/reflect/value.go:434
2018/12/19 21:20:33.971 [C] [asm_amd64.s:509] C:/Go/src/reflect/value.go:302
2018/12/19 21:20:33.971 [C] [asm_amd64.s:509] D:/golang/src/github.com/astaxie/beego/router.go:847
2018/12/19 21:20:33.971 [C] [asm_amd64.s:509] C:/Go/src/net/http/server.go:2619
2018/12/19 21:20:33.971 [C] [asm_amd64.s:509] C:/Go/src/net/http/server.go:1801
2018/12/19 21:20:33.972 [C] [asm_amd64.s:509] C:/Go/src/runtime/asm_amd64.s:2337
