2018/12/22 13:56:04.623 [C] [asm_amd64.s:509] the request url is  /admin/player/list
2018/12/22 13:56:04.623 [C] [asm_amd64.s:509] Handler crashed with error can't find templatefile in the path:views/admincontroller/playerlist.tpl
2018/12/22 13:56:04.623 [C] [asm_amd64.s:509] C:/Go/src/runtime/asm_amd64.s:509
2018/12/22 13:56:04.623 [C] [asm_amd64.s:509] C:/Go/src/runtime/panic.go:491
2018/12/22 13:56:04.623 [C] [asm_amd64.s:509] D:/golang/src/github.com/astaxie/beego/template.go:73
2018/12/22 13:56:04.623 [C] [asm_amd64.s:509] D:/golang/src/github.com/astaxie/beego/controller.go:263
2018/12/22 13:56:04.623 [C] [asm_amd64.s:509] D:/golang/src/github.com/astaxie/beego/controller.go:214
2018/12/22 13:56:04.623 [C] [asm_amd64.s:509] D:/golang/src/github.com/astaxie/beego/controller.go:194
2018/12/22 13:56:04.624 [C] [asm_amd64.s:509] D:/golang/src/github.com/astaxie/beego/router.go:859
2018/12/22 13:56:04.624 [C] [asm_amd64.s:509] C:/Go/src/net/http/server.go:2619
2018/12/22 13:56:04.624 [C] [asm_amd64.s:509] C:/Go/src/net/http/server.go:1801
2018/12/22 13:56:04.624 [C] [asm_amd64.s:509] C:/Go/src/runtime/asm_amd64.s:2337
2018/12/23 17:01:32.136 [C] [asm_amd64.s:509] the request url is  /admin/recharge
2018/12/23 17:01:32.137 [C] [asm_amd64.s:509] Handler crashed with error <Ormer> cannot use non-ptr model struct `fish/models.RechargeLog`
2018/12/23 17:01:32.137 [C] [asm_amd64.s:509] C:/Go/src/runtime/asm_amd64.s:509
2018/12/23 17:01:32.137 [C] [asm_amd64.s:509] C:/Go/src/runtime/panic.go:491
2018/12/23 17:01:32.137 [C] [asm_amd64.s:509] D:/golang/src/github.com/astaxie/beego/orm/orm.go:104
2018/12/23 17:01:32.137 [C] [asm_amd64.s:509] D:/golang/src/github.com/astaxie/beego/orm/orm.go:232
2018/12/23 17:01:32.137 [C] [asm_amd64.s:509] D:/go_project/catchfish/src/fish/managers/system.go:49
2018/12/23 17:01:32.137 [C] [asm_amd64.s:509] D:/go_project/catchfish/src/fish/managers/admin.go:133
2018/12/23 17:01:32.137 [C] [asm_amd64.s:509] D:/go_project/catchfish/src/fish/controllers/admin.go:202
2018/12/23 17:01:32.137 [C] [asm_amd64.s:509] C:/Go/src/runtime/asm_amd64.s:509
2018/12/23 17:01:32.137 [C] [asm_amd64.s:509] C:/Go/src/reflect/value.go:434
2018/12/23 17:01:32.137 [C] [asm_amd64.s:509] C:/Go/src/reflect/value.go:302
2018/12/23 17:01:32.137 [C] [asm_amd64.s:509] D:/golang/src/github.com/astaxie/beego/router.go:847
2018/12/23 17:01:32.137 [C] [asm_amd64.s:509] C:/Go/src/net/http/server.go:2619
2018/12/23 17:01:32.137 [C] [asm_amd64.s:509] C:/Go/src/net/http/server.go:1801
2018/12/23 17:01:32.137 [C] [asm_amd64.s:509] C:/Go/src/runtime/asm_amd64.s:2337
